<?xml version="1.0" encoding="UTF-8"?>
<!-- Generated by org.testng.reporters.JUnitXMLReporter -->
<testsuite hostname="127.0.0.0" ignored="0" name="Run On Chrome" tests="4" failures="1" timestamp="2021-11-21T01:58:01 ICT" time="4.883" errors="0">
  <testcase name="VerifyTheNumberOfManuafacturesReturnCorrect" time="2.774" classname="Urbn8.TestCase.TestManuafactor"/>
  <testcase name="VerifyTheOneManuafactureExistedInList" time="0.863" classname="Urbn8.TestCase.TestManuafactor"/>
  <testcase name="VerifyGetManuafactureDetailByName" time="0.665" classname="Urbn8.TestCase.TestManuafactor"/>
  <testcase name="VerifyGetManuafactureByID" time="0.554" classname="Urbn8.TestCase.TestManuafactor">
    <failure type="java.lang.AssertionError" message="[Extracted: Country, Mfr_CommonName, Mfr_Name, VehicleTypes] 
Expecting:
  [&amp;quot;UNITED STATES (USA)&amp;quot;,
    &amp;quot;Concord&amp;quot;,
    &amp;quot;CONCORD ROAD EQUIPMENT MFG., INC.&amp;quot;,
    [{&amp;quot;GVWRFrom&amp;quot;:&amp;quot;Class 1C: 4,001 - 5,000 lb (1,814 - 2,268 kg)&amp;quot;,&amp;quot;GVWRTo&amp;quot;:&amp;quot;Class 8: 33,001 lb and above (14,969 kg and above)&amp;quot;,&amp;quot;IsPrimary&amp;quot;:true,&amp;quot;Name&amp;quot;:&amp;quot;Truck &amp;quot;},{&amp;quot;GVWRFrom&amp;quot;:&amp;quot;Class 1A: 3,000 lb or less (1,360 kg or less)&amp;quot;,&amp;quot;GVWRTo&amp;quot;:&amp;quot;Class 8: 33,001 lb and above (14,969 kg and above)&amp;quot;,&amp;quot;IsPrimary&amp;quot;:false,&amp;quot;Name&amp;quot;:&amp;quot;Trailer&amp;quot;},{&amp;quot;GVWRFrom&amp;quot;:&amp;quot;Class 1A: 3,000 lb or less (1,360 kg or less)&amp;quot;,&amp;quot;GVWRTo&amp;quot;:&amp;quot;Class 8: 33,001 lb and above (14,969 kg and above)&amp;quot;,&amp;quot;IsPrimary&amp;quot;:false,&amp;quot;Name&amp;quot;:&amp;quot;Incomplete Vehicle&amp;quot;},{&amp;quot;GVWRFrom&amp;quot;:&amp;quot;Class 1A: 3,000 lb or less (1,360 kg or less)&amp;quot;,&amp;quot;GVWRTo&amp;quot;:&amp;quot;Class 8: 33,001 lb and above (14,969 kg and above)&amp;quot;,&amp;quot;IsPrimary&amp;quot;:false,&amp;quot;Name&amp;quot;:&amp;quot;Off Road Vehicle&amp;quot;}]]
to contain exactly (and in same order):
  [&amp;quot;UNITED STATES (USA)&amp;quot;,
    &amp;quot;Concord&amp;quot;,
    &amp;quot;CONCORD ROAD EQUIPMENT MFG., INC.&amp;quot;,
    [{&amp;quot;IsPrimary&amp;quot;:true,&amp;quot;Name&amp;quot;:&amp;quot;Truck &amp;quot;},{&amp;quot;IsPrimary&amp;quot;:false,&amp;quot;Name&amp;quot;:&amp;quot;Trailer&amp;quot;},{&amp;quot;IsPrimary&amp;quot;:false,&amp;quot;Name&amp;quot;:&amp;quot;Incomplete Vehicle&amp;quot;},{&amp;quot;IsPrimary&amp;quot;:false,&amp;quot;Name&amp;quot;:&amp;quot;Off Road Vehicle&amp;quot;}]]
but some elements were not found:
  [[{&amp;quot;IsPrimary&amp;quot;:true,&amp;quot;Name&amp;quot;:&amp;quot;Truck &amp;quot;},{&amp;quot;IsPrimary&amp;quot;:false,&amp;quot;Name&amp;quot;:&amp;quot;Trailer&amp;quot;},{&amp;quot;IsPrimary&amp;quot;:false,&amp;quot;Name&amp;quot;:&amp;quot;Incomplete Vehicle&amp;quot;},{&amp;quot;IsPrimary&amp;quot;:false,&amp;quot;Name&amp;quot;:&amp;quot;Off Road Vehicle&amp;quot;}]]
and others were not expected:
  [[{&amp;quot;GVWRFrom&amp;quot;:&amp;quot;Class 1C: 4,001 - 5,000 lb (1,814 - 2,268 kg)&amp;quot;,&amp;quot;GVWRTo&amp;quot;:&amp;quot;Class 8: 33,001 lb and above (14,969 kg and above)&amp;quot;,&amp;quot;IsPrimary&amp;quot;:true,&amp;quot;Name&amp;quot;:&amp;quot;Truck &amp;quot;},{&amp;quot;GVWRFrom&amp;quot;:&amp;quot;Class 1A: 3,000 lb or less (1,360 kg or less)&amp;quot;,&amp;quot;GVWRTo&amp;quot;:&amp;quot;Class 8: 33,001 lb and above (14,969 kg and above)&amp;quot;,&amp;quot;IsPrimary&amp;quot;:false,&amp;quot;Name&amp;quot;:&amp;quot;Trailer&amp;quot;},{&amp;quot;GVWRFrom&amp;quot;:&amp;quot;Class 1A: 3,000 lb or less (1,360 kg or less)&amp;quot;,&amp;quot;GVWRTo&amp;quot;:&amp;quot;Class 8: 33,001 lb and above (14,969 kg and above)&amp;quot;,&amp;quot;IsPrimary&amp;quot;:false,&amp;quot;Name&amp;quot;:&amp;quot;Incomplete Vehicle&amp;quot;},{&amp;quot;GVWRFrom&amp;quot;:&amp;quot;Class 1A: 3,000 lb or less (1,360 kg or less)&amp;quot;,&amp;quot;GVWRTo&amp;quot;:&amp;quot;Class 8: 33,001 lb and above (14,969 kg and above)&amp;quot;,&amp;quot;IsPrimary&amp;quot;:false,&amp;quot;Name&amp;quot;:&amp;quot;Off Road Vehicle&amp;quot;}]]
">
      <![CDATA[java.lang.AssertionError: [Extracted: Country, Mfr_CommonName, Mfr_Name, VehicleTypes] 
Expecting:
  ["UNITED STATES (USA)",
    "Concord",
    "CONCORD ROAD EQUIPMENT MFG., INC.",
    [{"GVWRFrom":"Class 1C: 4,001 - 5,000 lb (1,814 - 2,268 kg)","GVWRTo":"Class 8: 33,001 lb and above (14,969 kg and above)","IsPrimary":true,"Name":"Truck "},{"GVWRFrom":"Class 1A: 3,000 lb or less (1,360 kg or less)","GVWRTo":"Class 8: 33,001 lb and above (14,969 kg and above)","IsPrimary":false,"Name":"Trailer"},{"GVWRFrom":"Class 1A: 3,000 lb or less (1,360 kg or less)","GVWRTo":"Class 8: 33,001 lb and above (14,969 kg and above)","IsPrimary":false,"Name":"Incomplete Vehicle"},{"GVWRFrom":"Class 1A: 3,000 lb or less (1,360 kg or less)","GVWRTo":"Class 8: 33,001 lb and above (14,969 kg and above)","IsPrimary":false,"Name":"Off Road Vehicle"}]]
to contain exactly (and in same order):
  ["UNITED STATES (USA)",
    "Concord",
    "CONCORD ROAD EQUIPMENT MFG., INC.",
    [{"IsPrimary":true,"Name":"Truck "},{"IsPrimary":false,"Name":"Trailer"},{"IsPrimary":false,"Name":"Incomplete Vehicle"},{"IsPrimary":false,"Name":"Off Road Vehicle"}]]
but some elements were not found:
  [[{"IsPrimary":true,"Name":"Truck "},{"IsPrimary":false,"Name":"Trailer"},{"IsPrimary":false,"Name":"Incomplete Vehicle"},{"IsPrimary":false,"Name":"Off Road Vehicle"}]]
and others were not expected:
  [[{"GVWRFrom":"Class 1C: 4,001 - 5,000 lb (1,814 - 2,268 kg)","GVWRTo":"Class 8: 33,001 lb and above (14,969 kg and above)","IsPrimary":true,"Name":"Truck "},{"GVWRFrom":"Class 1A: 3,000 lb or less (1,360 kg or less)","GVWRTo":"Class 8: 33,001 lb and above (14,969 kg and above)","IsPrimary":false,"Name":"Trailer"},{"GVWRFrom":"Class 1A: 3,000 lb or less (1,360 kg or less)","GVWRTo":"Class 8: 33,001 lb and above (14,969 kg and above)","IsPrimary":false,"Name":"Incomplete Vehicle"},{"GVWRFrom":"Class 1A: 3,000 lb or less (1,360 kg or less)","GVWRTo":"Class 8: 33,001 lb and above (14,969 kg and above)","IsPrimary":false,"Name":"Off Road Vehicle"}]]

at Urbn8.TestCase.TestManuafactor.VerifyGetManuafactureByID(TestManuafactor.java:52)
at java.util.ArrayList.forEach(ArrayList.java:1259)
at java.util.concurrent.FutureTask.run(FutureTask.java:266)
at java.util.concurrent.ThreadPoolExecutor.runWorker(ThreadPoolExecutor.java:1149)
at java.util.concurrent.ThreadPoolExecutor$Worker.run(ThreadPoolExecutor.java:624)
at java.lang.Thread.run(Thread.java:748)
... Removed 18 stack frames]]>
    </failure>
  </testcase> <!-- VerifyGetManuafactureByID -->
</testsuite> <!-- Run On Chrome -->
