<?xml version="1.0" encoding="UTF-8"?>
<testsuite xmlns:xsi="http://www.w3.org/2001/XMLSchema-instance" xsi:noNamespaceSchemaLocation="https://maven.apache.org/surefire/maven-surefire-plugin/xsd/surefire-test-report.xsd" name="TestSuite" time="5.176" tests="4" errors="0" skipped="0" failures="1">
  <properties>
[...]
</properties>
  <testcase name="VerifyTheNumberOfManuafacturesReturnCorrect" classname="Urbn8.TestCase.TestManuafactor" time="2.775"/>
  <testcase name="VerifyTheOneManuafactureExistedInList" classname="Urbn8.TestCase.TestManuafactor" time="0.863"/>
  <testcase name="VerifyGetManuafactureDetailByName" classname="Urbn8.TestCase.TestManuafactor" time="0.665"/>
  <testcase name="VerifyGetManuafactureByID" classname="Urbn8.TestCase.TestManuafactor" time="0.561">
    <failure message="[Extracted: Country, Mfr_CommonName, Mfr_Name, VehicleTypes] &#10;Expecting:&#10;  [&quot;UNITED STATES (USA)&quot;,&#10;    &quot;Concord&quot;,&#10;    &quot;CONCORD ROAD EQUIPMENT MFG., INC.&quot;,&#10;    [{&quot;GVWRFrom&quot;:&quot;Class 1C: 4,001 - 5,000 lb (1,814 - 2,268 kg)&quot;,&quot;GVWRTo&quot;:&quot;Class 8: 33,001 lb and above (14,969 kg and above)&quot;,&quot;IsPrimary&quot;:true,&quot;Name&quot;:&quot;Truck &quot;},{&quot;GVWRFrom&quot;:&quot;Class 1A: 3,000 lb or less (1,360 kg or less)&quot;,&quot;GVWRTo&quot;:&quot;Class 8: 33,001 lb and above (14,969 kg and above)&quot;,&quot;IsPrimary&quot;:false,&quot;Name&quot;:&quot;Trailer&quot;},{&quot;GVWRFrom&quot;:&quot;Class 1A: 3,000 lb or less (1,360 kg or less)&quot;,&quot;GVWRTo&quot;:&quot;Class 8: 33,001 lb and above (14,969 kg and above)&quot;,&quot;IsPrimary&quot;:false,&quot;Name&quot;:&quot;Incomplete Vehicle&quot;},{&quot;GVWRFrom&quot;:&quot;Class 1A: 3,000 lb or less (1,360 kg or less)&quot;,&quot;GVWRTo&quot;:&quot;Class 8: 33,001 lb and above (14,969 kg and above)&quot;,&quot;IsPrimary&quot;:false,&quot;Name&quot;:&quot;Off Road Vehicle&quot;}]]&#10;to contain exactly (and in same order):&#10;  [&quot;UNITED STATES (USA)&quot;,&#10;    &quot;Concord&quot;,&#10;    &quot;CONCORD ROAD EQUIPMENT MFG., INC.&quot;,&#10;    [{&quot;IsPrimary&quot;:true,&quot;Name&quot;:&quot;Truck &quot;},{&quot;IsPrimary&quot;:false,&quot;Name&quot;:&quot;Trailer&quot;},{&quot;IsPrimary&quot;:false,&quot;Name&quot;:&quot;Incomplete Vehicle&quot;},{&quot;IsPrimary&quot;:false,&quot;Name&quot;:&quot;Off Road Vehicle&quot;}]]&#10;but some elements were not found:&#10;  [[{&quot;IsPrimary&quot;:true,&quot;Name&quot;:&quot;Truck &quot;},{&quot;IsPrimary&quot;:false,&quot;Name&quot;:&quot;Trailer&quot;},{&quot;IsPrimary&quot;:false,&quot;Name&quot;:&quot;Incomplete Vehicle&quot;},{&quot;IsPrimary&quot;:false,&quot;Name&quot;:&quot;Off Road Vehicle&quot;}]]&#10;and others were not expected:&#10;  [[{&quot;GVWRFrom&quot;:&quot;Class 1C: 4,001 - 5,000 lb (1,814 - 2,268 kg)&quot;,&quot;GVWRTo&quot;:&quot;Class 8: 33,001 lb and above (14,969 kg and above)&quot;,&quot;IsPrimary&quot;:true,&quot;Name&quot;:&quot;Truck &quot;},{&quot;GVWRFrom&quot;:&quot;Class 1A: 3,000 lb or less (1,360 kg or less)&quot;,&quot;GVWRTo&quot;:&quot;Class 8: 33,001 lb and above (14,969 kg and above)&quot;,&quot;IsPrimary&quot;:false,&quot;Name&quot;:&quot;Trailer&quot;},{&quot;GVWRFrom&quot;:&quot;Class 1A: 3,000 lb or less (1,360 kg or less)&quot;,&quot;GVWRTo&quot;:&quot;Class 8: 33,001 lb and above (14,969 kg and above)&quot;,&quot;IsPrimary&quot;:false,&quot;Name&quot;:&quot;Incomplete Vehicle&quot;},{&quot;GVWRFrom&quot;:&quot;Class 1A: 3,000 lb or less (1,360 kg or less)&quot;,&quot;GVWRTo&quot;:&quot;Class 8: 33,001 lb and above (14,969 kg and above)&quot;,&quot;IsPrimary&quot;:false,&quot;Name&quot;:&quot;Off Road Vehicle&quot;}]]&#10;" type="java.lang.AssertionError">java.lang.AssertionError: 
[Extracted: Country, Mfr_CommonName, Mfr_Name, VehicleTypes] 
Expecting:
  ["UNITED STATES (USA)",
    "Concord",
    "CONCORD ROAD EQUIPMENT MFG., INC.",
    [{"GVWRFrom":"Class 1C: 4,001 - 5,000 lb (1,814 - 2,268 kg)","GVWRTo":"Class 8: 33,001 lb and above (14,969 kg and above)","IsPrimary":true,"Name":"Truck "},{"GVWRFrom":"Class 1A: 3,000 lb or less (1,360 kg or less)","GVWRTo":"Class 8: 33,001 lb and above (14,969 kg and above)","IsPrimary":false,"Name":"Trailer"},{"GVWRFrom":"Class 1A: 3,000 lb or less (1,360 kg or less)","GVWRTo":"Class 8: 33,001 lb and above (14,969 kg and above)","IsPrimary":false,"Name":"Incomplete Vehicle"},{"GVWRFrom":"Class 1A: 3,000 lb or less (1,360 kg or less)","GVWRTo":"Class 8: 33,001 lb and above (14,969 kg and above)","IsPrimary":false,"Name":"Off Road Vehicle"}]]
to contain exactly (and in same order):
  ["UNITED STATES (USA)",
    "Concord",
    "CONCORD ROAD EQUIPMENT MFG., INC.",
    [{"IsPrimary":true,"Name":"Truck "},{"IsPrimary":false,"Name":"Trailer"},{"IsPrimary":false,"Name":"Incomplete Vehicle"},{"IsPrimary":false,"Name":"Off Road Vehicle"}]]
but some elements were not found:
  [[{"IsPrimary":true,"Name":"Truck "},{"IsPrimary":false,"Name":"Trailer"},{"IsPrimary":false,"Name":"Incomplete Vehicle"},{"IsPrimary":false,"Name":"Off Road Vehicle"}]]
and others were not expected:
  [[{"GVWRFrom":"Class 1C: 4,001 - 5,000 lb (1,814 - 2,268 kg)","GVWRTo":"Class 8: 33,001 lb and above (14,969 kg and above)","IsPrimary":true,"Name":"Truck "},{"GVWRFrom":"Class 1A: 3,000 lb or less (1,360 kg or less)","GVWRTo":"Class 8: 33,001 lb and above (14,969 kg and above)","IsPrimary":false,"Name":"Trailer"},{"GVWRFrom":"Class 1A: 3,000 lb or less (1,360 kg or less)","GVWRTo":"Class 8: 33,001 lb and above (14,969 kg and above)","IsPrimary":false,"Name":"Incomplete Vehicle"},{"GVWRFrom":"Class 1A: 3,000 lb or less (1,360 kg or less)","GVWRTo":"Class 8: 33,001 lb and above (14,969 kg and above)","IsPrimary":false,"Name":"Off Road Vehicle"}]]

	at Urbn8.TestCase.TestManuafactor.VerifyGetManuafactureByID(TestManuafactor.java:52)
</failure>
  </testcase>
</testsuite>