<?xml version="1.0" encoding="UTF-8"?>
<testng-results skipped="0" failed="1" ignored="0" total="4" passed="3">
  <reporter-output>
  </reporter-output>
  <suite name="Suite" duration-ms="4883" started-at="2021-11-21T01:57:56 ICT" finished-at="2021-11-21T01:58:01 ICT">
    <groups>
    </groups>
    <test name="Run On Chrome" duration-ms="4883" started-at="2021-11-21T01:57:56 ICT" finished-at="2021-11-21T01:58:01 ICT">
      <class name="Urbn8.TestCase.TestManuafactor">
        <test-method status="PASS" signature="VerifyTheNumberOfManuafacturesReturnCorrect()[pri:1, instance:Urbn8.TestCase.TestManuafactor@bd8db5a]" name="VerifyTheNumberOfManuafacturesReturnCorrect" duration-ms="2774" started-at="2021-11-21T01:57:56 ICT" finished-at="2021-11-21T01:57:59 ICT">
          <reporter-output>
          </reporter-output>
        </test-method> <!-- VerifyTheNumberOfManuafacturesReturnCorrect -->
        <test-method status="PASS" signature="VerifyTheOneManuafactureExistedInList()[pri:2, instance:Urbn8.TestCase.TestManuafactor@bd8db5a]" name="VerifyTheOneManuafactureExistedInList" duration-ms="863" started-at="2021-11-21T01:57:59 ICT" finished-at="2021-11-21T01:58:00 ICT">
          <reporter-output>
          </reporter-output>
        </test-method> <!-- VerifyTheOneManuafactureExistedInList -->
        <test-method status="PASS" signature="VerifyGetManuafactureDetailByName()[pri:3, instance:Urbn8.TestCase.TestManuafactor@bd8db5a]" name="VerifyGetManuafactureDetailByName" duration-ms="665" started-at="2021-11-21T01:58:00 ICT" finished-at="2021-11-21T01:58:00 ICT">
          <reporter-output>
          </reporter-output>
        </test-method> <!-- VerifyGetManuafactureDetailByName -->
        <test-method status="FAIL" signature="VerifyGetManuafactureByID()[pri:4, instance:Urbn8.TestCase.TestManuafactor@bd8db5a]" name="VerifyGetManuafactureByID" duration-ms="554" started-at="2021-11-21T01:58:00 ICT" finished-at="2021-11-21T01:58:01 ICT">
          <exception class="java.lang.AssertionError">
            <message>
              <![CDATA[[Extracted: Country, Mfr_CommonName, Mfr_Name, VehicleTypes] 
Expecting:
  ["UNITED STATES (USA)",
    "Concord",
    "CONCORD ROAD EQUIPMENT MFG., INC.",
    [{"GVWRFrom":"Class 1C: 4,001 - 5,000 lb (1,814 - 2,268 kg)","GVWRTo":"Class 8: 33,001 lb and above (14,969 kg and above)","IsPrimary":true,"Name":"Truck "},{"GVWRFrom":"Class 1A: 3,000 lb or less (1,360 kg or less)","GVWRTo":"Class 8: 33,001 lb and above (14,969 kg and above)","IsPrimary":false,"Name":"Trailer"},{"GVWRFrom":"Class 1A: 3,000 lb or less (1,360 kg or less)","GVWRTo":"Class 8: 33,001 lb and above (14,969 kg and above)","IsPrimary":false,"Name":"Incomplete Vehicle"},{"GVWRFrom":"Class 1A: 3,000 lb or less (1,360 kg or less)","GVWRTo":"Class 8: 33,001 lb and above (14,969 kg and above)","IsPrimary":false,"Name":"Off Road Vehicle"}]]
to contain exactly (and in same order):
  ["UNITED STATES (USA)",
    "Concord",
    "CONCORD ROAD EQUIPMENT MFG., INC.",
    [{"IsPrimary":true,"Name":"Truck "},{"IsPrimary":false,"Name":"Trailer"},{"IsPrimary":false,"Name":"Incomplete Vehicle"},{"IsPrimary":false,"Name":"Off Road Vehicle"}]]
but some elements were not found:
  [[{"IsPrimary":true,"Name":"Truck "},{"IsPrimary":false,"Name":"Trailer"},{"IsPrimary":false,"Name":"Incomplete Vehicle"},{"IsPrimary":false,"Name":"Off Road Vehicle"}]]
and others were not expected:
  [[{"GVWRFrom":"Class 1C: 4,001 - 5,000 lb (1,814 - 2,268 kg)","GVWRTo":"Class 8: 33,001 lb and above (14,969 kg and above)","IsPrimary":true,"Name":"Truck "},{"GVWRFrom":"Class 1A: 3,000 lb or less (1,360 kg or less)","GVWRTo":"Class 8: 33,001 lb and above (14,969 kg and above)","IsPrimary":false,"Name":"Trailer"},{"GVWRFrom":"Class 1A: 3,000 lb or less (1,360 kg or less)","GVWRTo":"Class 8: 33,001 lb and above (14,969 kg and above)","IsPrimary":false,"Name":"Incomplete Vehicle"},{"GVWRFrom":"Class 1A: 3,000 lb or less (1,360 kg or less)","GVWRTo":"Class 8: 33,001 lb and above (14,969 kg and above)","IsPrimary":false,"Name":"Off Road Vehicle"}]]
]]>
            </message>
            <full-stacktrace>
              <![CDATA[java.lang.AssertionError: [Extracted: Country, Mfr_CommonName, Mfr_Name, VehicleTypes] 
Expecting:
  ["UNITED STATES (USA)",
    "Concord",
    "CONCORD ROAD EQUIPMENT MFG., INC.",
    [{"GVWRFrom":"Class 1C: 4,001 - 5,000 lb (1,814 - 2,268 kg)","GVWRTo":"Class 8: 33,001 lb and above (14,969 kg and above)","IsPrimary":true,"Name":"Truck "},{"GVWRFrom":"Class 1A: 3,000 lb or less (1,360 kg or less)","GVWRTo":"Class 8: 33,001 lb and above (14,969 kg and above)","IsPrimary":false,"Name":"Trailer"},{"GVWRFrom":"Class 1A: 3,000 lb or less (1,360 kg or less)","GVWRTo":"Class 8: 33,001 lb and above (14,969 kg and above)","IsPrimary":false,"Name":"Incomplete Vehicle"},{"GVWRFrom":"Class 1A: 3,000 lb or less (1,360 kg or less)","GVWRTo":"Class 8: 33,001 lb and above (14,969 kg and above)","IsPrimary":false,"Name":"Off Road Vehicle"}]]
to contain exactly (and in same order):
  ["UNITED STATES (USA)",
    "Concord",
    "CONCORD ROAD EQUIPMENT MFG., INC.",
    [{"IsPrimary":true,"Name":"Truck "},{"IsPrimary":false,"Name":"Trailer"},{"IsPrimary":false,"Name":"Incomplete Vehicle"},{"IsPrimary":false,"Name":"Off Road Vehicle"}]]
but some elements were not found:
  [[{"IsPrimary":true,"Name":"Truck "},{"IsPrimary":false,"Name":"Trailer"},{"IsPrimary":false,"Name":"Incomplete Vehicle"},{"IsPrimary":false,"Name":"Off Road Vehicle"}]]
and others were not expected:
  [[{"GVWRFrom":"Class 1C: 4,001 - 5,000 lb (1,814 - 2,268 kg)","GVWRTo":"Class 8: 33,001 lb and above (14,969 kg and above)","IsPrimary":true,"Name":"Truck "},{"GVWRFrom":"Class 1A: 3,000 lb or less (1,360 kg or less)","GVWRTo":"Class 8: 33,001 lb and above (14,969 kg and above)","IsPrimary":false,"Name":"Trailer"},{"GVWRFrom":"Class 1A: 3,000 lb or less (1,360 kg or less)","GVWRTo":"Class 8: 33,001 lb and above (14,969 kg and above)","IsPrimary":false,"Name":"Incomplete Vehicle"},{"GVWRFrom":"Class 1A: 3,000 lb or less (1,360 kg or less)","GVWRTo":"Class 8: 33,001 lb and above (14,969 kg and above)","IsPrimary":false,"Name":"Off Road Vehicle"}]]

at Urbn8.TestCase.TestManuafactor.VerifyGetManuafactureByID(TestManuafactor.java:52)
at sun.reflect.NativeMethodAccessorImpl.invoke0(Native Method)
at sun.reflect.NativeMethodAccessorImpl.invoke(NativeMethodAccessorImpl.java:62)
at sun.reflect.DelegatingMethodAccessorImpl.invoke(DelegatingMethodAccessorImpl.java:43)
at java.lang.reflect.Method.invoke(Method.java:498)
at org.testng.internal.MethodInvocationHelper.invokeMethod(MethodInvocationHelper.java:132)
at org.testng.internal.TestInvoker.invokeMethod(TestInvoker.java:599)
at org.testng.internal.TestInvoker.invokeTestMethod(TestInvoker.java:174)
at org.testng.internal.MethodRunner.runInSequence(MethodRunner.java:46)
at org.testng.internal.TestInvoker$MethodInvocationAgent.invoke(TestInvoker.java:822)
at org.testng.internal.TestInvoker.invokeTestMethods(TestInvoker.java:147)
at org.testng.internal.TestMethodWorker.invokeTestMethods(TestMethodWorker.java:146)
at org.testng.internal.TestMethodWorker.run(TestMethodWorker.java:128)
at java.util.ArrayList.forEach(ArrayList.java:1259)
at org.testng.TestRunner.privateRun(TestRunner.java:764)
at org.testng.TestRunner.run(TestRunner.java:585)
at org.testng.SuiteRunner.runTest(SuiteRunner.java:384)
at org.testng.SuiteRunner.access$000(SuiteRunner.java:28)
at org.testng.SuiteRunner$SuiteWorker.run(SuiteRunner.java:425)
at org.testng.internal.thread.ThreadUtil.lambda$execute$0(ThreadUtil.java:66)
at java.util.concurrent.FutureTask.run(FutureTask.java:266)
at java.util.concurrent.ThreadPoolExecutor.runWorker(ThreadPoolExecutor.java:1149)
at java.util.concurrent.ThreadPoolExecutor$Worker.run(ThreadPoolExecutor.java:624)
at java.lang.Thread.run(Thread.java:748)
]]>
            </full-stacktrace>
          </exception> <!-- java.lang.AssertionError -->
          <reporter-output>
          </reporter-output>
        </test-method> <!-- VerifyGetManuafactureByID -->
      </class> <!-- Urbn8.TestCase.TestManuafactor -->
    </test> <!-- Run On Chrome -->
  </suite> <!-- Suite -->
</testng-results>
